<?xml version="1.0" encoding="UTF-8"?>
<!-- Generated by org.testng.reporters.JUnitReportReporter -->
<testsuite skipped="0" hostname="LAPTOP-9T6JMJ0J" name="testing.TestNG" tests="1" failures="0" timestamp="30 May 2021 11:07:43 GMT" time="4.903" errors="0">
  <testcase name="firstArticle" time="4.903" classname="testing.TestNG"/>
</testsuite> <!-- testing.TestNG -->
