<?xml version="1.0" encoding="UTF-8"?>
<!-- Generated by org.testng.reporters.JUnitReportReporter -->
<testsuite skipped="0" hostname="LAPTOP-9T6JMJ0J" name="testing.TestNG" tests="2" failures="0" timestamp="31 May 2021 07:16:40 GMT" time="8.238" errors="0">
  <testcase name="firstArticle" time="7.052" classname="testing.TestNG"/>
  <testcase name="fillForm" time="1.186" classname="testing.TestNG"/>
</testsuite> <!-- testing.TestNG -->
